simulator.obj : error LNK2019: unresolved external symbol "public: __cdecl webots::Robot::Robot(void)" (??0Robot@webots@@QEAA@XZ) referenced in function "public: __cdecl webots::Supervisor::Supervisor(void)" (??0Supervisor@webots@@QEAA@XZ)
simulator.obj : error LNK2019: unresolved external symbol "public: virtual int __cdecl webots::Robot::step(int)" (?step@Robot@webots@@UEAAHH@Z) referenced in function "public: int __cdecl simulator::simulatePath(class std::vector<class std::vector<float,class std::allocator<float> >,class std::allocator<class std::vector<float,class std::allocator<float> > > > const &)" (?simulatePath@simulator@@QEAAHAEBV?$vector@V?$vector@MV?$allocator@M@std@@@std@@V?$allocator@V?$vector@MV?$allocator@M@std@@@std@@@2@@std@@@Z)
simulator.obj : error LNK2001: unresolved external symbol "public: virtual void __cdecl webots::Robot::batterySensorEnable(int)" (?batterySensorEnable@Robot@webots@@UEAAXH@Z)
simulator.obj : error LNK2001: unresolved external symbol "public: virtual void __cdecl webots::Robot::batterySensorDisable(void)" (?batterySensorDisable@Robot@webots@@UEAAXXZ)
simulator.obj : error LNK2001: unresolved external symbol "protected: virtual class webots::Accelerometer * __cdecl webots::Robot::createAccelerometer(unsigned short)const " (?createAccelerometer@Robot@webots@@MEBAPEAVAccelerometer@2@G@Z)
simulator.obj : error LNK2001: unresolved external symbol "protected: virtual class webots::Altimeter * __cdecl webots::Robot::createAltimeter(unsigned short)const " (?createAltimeter@Robot@webots@@MEBAPEAVAltimeter@2@G@Z)
simulator.obj : error LNK2001: unresolved external symbol "protected: virtual class webots::Brake * __cdecl webots::Robot::createBrake(unsigned short)const " (?createBrake@Robot@webots@@MEBAPEAVBrake@2@G@Z)
simulator.obj : error LNK2001: unresolved external symbol "protected: virtual class webots::Camera * __cdecl webots::Robot::createCamera(unsigned short)const " (?createCamera@Robot@webots@@MEBAPEAVCamera@2@G@Z)
simulator.obj : error LNK2001: unresolved external symbol "protected: virtual class webots::Compass * __cdecl webots::Robot::createCompass(unsigned short)const " (?createCompass@Robot@webots@@MEBAPEAVCompass@2@G@Z)
simulator.obj : error LNK2001: unresolved external symbol "protected: virtual class webots::Connector * __cdecl webots::Robot::createConnector(unsigned short)const " (?createConnector@Robot@webots@@MEBAPEAVConnector@2@G@Z)
simulator.obj : error LNK2001: unresolved external symbol "protected: virtual class webots::Display * __cdecl webots::Robot::createDisplay(unsigned short)const " (?createDisplay@Robot@webots@@MEBAPEAVDisplay@2@G@Z)
simulator.obj : error LNK2001: unresolved external symbol "protected: virtual class webots::DistanceSensor * __cdecl webots::Robot::createDistanceSensor(unsigned short)const " (?createDistanceSensor@Robot@webots@@MEBAPEAVDistanceSensor@2@G@Z)
simulator.obj : error LNK2001: unresolved external symbol "protected: virtual class webots::Emitter * __cdecl webots::Robot::createEmitter(unsigned short)const " (?createEmitter@Robot@webots@@MEBAPEAVEmitter@2@G@Z)
simulator.obj : error LNK2001: unresolved external symbol "protected: virtual class webots::GPS * __cdecl webots::Robot::createGPS(unsigned short)const " (?createGPS@Robot@webots@@MEBAPEAVGPS@2@G@Z)
simulator.obj : error LNK2001: unresolved external symbol "protected: virtual class webots::Gyro * __cdecl webots::Robot::createGyro(unsigned short)const " (?createGyro@Robot@webots@@MEBAPEAVGyro@2@G@Z)
simulator.obj : error LNK2001: unresolved external symbol "protected: virtual class webots::InertialUnit * __cdecl webots::Robot::createInertialUnit(unsigned short)const " (?createInertialUnit@Robot@webots@@MEBAPEAVInertialUnit@2@G@Z)
simulator.obj : error LNK2001: unresolved external symbol "protected: virtual class webots::LED * __cdecl webots::Robot::createLED(unsigned short)const " (?createLED@Robot@webots@@MEBAPEAVLED@2@G@Z)
simulator.obj : error LNK2001: unresolved external symbol "protected: virtual class webots::Lidar * __cdecl webots::Robot::createLidar(unsigned short)const " (?createLidar@Robot@webots@@MEBAPEAVLidar@2@G@Z)
simulator.obj : error LNK2001: unresolved external symbol "protected: virtual class webots::LightSensor * __cdecl webots::Robot::createLightSensor(unsigned short)const " (?createLightSensor@Robot@webots@@MEBAPEAVLightSensor@2@G@Z)
simulator.obj : error LNK2001: unresolved external symbol "protected: virtual class webots::Motor * __cdecl webots::Robot::createMotor(unsigned short)const " (?createMotor@Robot@webots@@MEBAPEAVMotor@2@G@Z)
simulator.obj : error LNK2001: unresolved external symbol "protected: virtual class webots::Pen * __cdecl webots::Robot::createPen(unsigned short)const " (?createPen@Robot@webots@@MEBAPEAVPen@2@G@Z)
simulator.obj : error LNK2001: unresolved external symbol "protected: virtual class webots::PositionSensor * __cdecl webots::Robot::createPositionSensor(unsigned short)const " (?createPositionSensor@Robot@webots@@MEBAPEAVPositionSensor@2@G@Z)
simulator.obj : error LNK2001: unresolved external symbol "protected: virtual class webots::Radar * __cdecl webots::Robot::createRadar(unsigned short)const " (?createRadar@Robot@webots@@MEBAPEAVRadar@2@G@Z)
simulator.obj : error LNK2001: unresolved external symbol "protected: virtual class webots::RangeFinder * __cdecl webots::Robot::createRangeFinder(unsigned short)const " (?createRangeFinder@Robot@webots@@MEBAPEAVRangeFinder@2@G@Z)
simulator.obj : error LNK2001: unresolved external symbol "protected: virtual class webots::Receiver * __cdecl webots::Robot::createReceiver(unsigned short)const " (?createReceiver@Robot@webots@@MEBAPEAVReceiver@2@G@Z)
simulator.obj : error LNK2001: unresolved external symbol "protected: virtual class webots::Skin * __cdecl webots::Robot::createSkin(unsigned short)const " (?createSkin@Robot@webots@@MEBAPEAVSkin@2@G@Z)
simulator.obj : error LNK2001: unresolved external symbol "protected: virtual class webots::Speaker * __cdecl webots::Robot::createSpeaker(unsigned short)const " (?createSpeaker@Robot@webots@@MEBAPEAVSpeaker@2@G@Z)
simulator.obj : error LNK2001: unresolved external symbol "protected: virtual class webots::TouchSensor * __cdecl webots::Robot::createTouchSensor(unsigned short)const " (?createTouchSensor@Robot@webots@@MEBAPEAVTouchSensor@2@G@Z)
simulator.obj : error LNK2001: unresolved external symbol "protected: virtual class webots::VacuumGripper * __cdecl webots::Robot::createVacuumGripper(unsigned short)const " (?createVacuumGripper@Robot@webots@@MEBAPEAVVacuumGripper@2@G@Z)
simulator.obj : error LNK2019: unresolved external symbol "public: void __cdecl webots::Field::setSFVec3f(double const * const)" (?setSFVec3f@Field@webots@@QEAAXQEBN@Z) referenced in function "public: int __cdecl simulator::simulatePath(class std::vector<class std::vector<float,class std::allocator<float> >,class std::allocator<class std::vector<float,class std::allocator<float> > > > const &)" (?simulatePath@simulator@@QEAAHAEBV?$vector@V?$vector@MV?$allocator@M@std@@@std@@V?$allocator@V?$vector@MV?$allocator@M@std@@@std@@@2@@std@@@Z)
simulator.obj : error LNK2019: unresolved external symbol "public: class webots::Field * __cdecl webots::Node::getField(class std::basic_string<char,struct std::char_traits<char>,class std::allocator<char> > const &)const " (?getField@Node@webots@@QEBAPEAVField@2@AEBV?$basic_string@DU?$char_traits@D@std@@V?$allocator@D@2@@std@@@Z) referenced in function "public: int __cdecl simulator::simulatePath(class std::vector<class std::vector<float,class std::allocator<float> >,class std::allocator<class std::vector<float,class std::allocator<float> > > > const &)" (?simulatePath@simulator@@QEAAHAEBV?$vector@V?$vector@MV?$allocator@M@std@@@std@@V?$allocator@V?$vector@MV?$allocator@M@std@@@std@@@2@@std@@@Z)
simulator.obj : error LNK2019: unresolved external symbol "public: virtual __cdecl webots::Supervisor::~Supervisor(void)" (??1Supervisor@webots@@UEAA@XZ) referenced in function "public: virtual void * __cdecl webots::Supervisor::`scalar deleting destructor'(unsigned int)" (??_GSupervisor@webots@@UEAAPEAXI@Z)
simulator.obj : error LNK2001: unresolved external symbol "public: virtual void __cdecl webots::Supervisor::simulationQuit(int)" (?simulationQuit@Supervisor@webots@@UEAAXH@Z)
simulator.obj : error LNK2001: unresolved external symbol "public: virtual void __cdecl webots::Supervisor::simulationReset(void)" (?simulationReset@Supervisor@webots@@UEAAXXZ)
simulator.obj : error LNK2001: unresolved external symbol "public: virtual void __cdecl webots::Supervisor::simulationResetPhysics(void)" (?simulationResetPhysics@Supervisor@webots@@UEAAXXZ)
simulator.obj : error LNK2001: unresolved external symbol "public: virtual void __cdecl webots::Supervisor::simulationSetMode(enum webots::Supervisor::SimulationMode)" (?simulationSetMode@Supervisor@webots@@UEAAXW4SimulationMode@12@@Z)
simulator.obj : error LNK2001: unresolved external symbol "public: virtual void __cdecl webots::Supervisor::worldLoad(class std::basic_string<char,struct std::char_traits<char>,class std::allocator<char> > const &)" (?worldLoad@Supervisor@webots@@UEAAXAEBV?$basic_string@DU?$char_traits@D@std@@V?$allocator@D@2@@std@@@Z)
simulator.obj : error LNK2001: unresolved external symbol "public: virtual void __cdecl webots::Supervisor::worldReload(void)" (?worldReload@Supervisor@webots@@UEAAXXZ)
simulator.obj : error LNK2001: unresolved external symbol "public: virtual bool __cdecl webots::Supervisor::worldSave(void)" (?worldSave@Supervisor@webots@@UEAA_NXZ)
simulator.obj : error LNK2001: unresolved external symbol "public: virtual bool __cdecl webots::Supervisor::worldSave(class std::basic_string<char,struct std::char_traits<char>,class std::allocator<char> > const &)" (?worldSave@Supervisor@webots@@UEAA_NAEBV?$basic_string@DU?$char_traits@D@std@@V?$allocator@D@2@@std@@@Z)
simulator.obj : error LNK2001: unresolved external symbol "public: virtual bool __cdecl webots::Supervisor::animationStartRecording(class std::basic_string<char,struct std::char_traits<char>,class std::allocator<char> > const &)" (?animationStartRecording@Supervisor@webots@@UEAA_NAEBV?$basic_string@DU?$char_traits@D@std@@V?$allocator@D@2@@std@@@Z)
simulator.obj : error LNK2001: unresolved external symbol "public: virtual bool __cdecl webots::Supervisor::animationStopRecording(void)" (?animationStopRecording@Supervisor@webots@@UEAA_NXZ)
simulator.obj : error LNK2001: unresolved external symbol "public: virtual void __cdecl webots::Supervisor::movieStartRecording(class std::basic_string<char,struct std::char_traits<char>,class std::allocator<char> > const &,int,int,int,int,int,bool)" (?movieStartRecording@Supervisor@webots@@UEAAXAEBV?$basic_string@DU?$char_traits@D@std@@V?$allocator@D@2@@std@@HHHHH_N@Z)
simulator.obj : error LNK2001: unresolved external symbol "public: virtual void __cdecl webots::Supervisor::movieStopRecording(void)" (?movieStopRecording@Supervisor@webots@@UEAAXXZ)
simulator.obj : error LNK2001: unresolved external symbol "public: virtual void __cdecl webots::Supervisor::setLabel(int,class std::basic_string<char,struct std::char_traits<char>,class std::allocator<char> > const &,double,double,double,int,double,class std::basic_string<char,struct std::char_traits<char>,class std::allocator<char> > const &)" (?setLabel@Supervisor@webots@@UEAAXHAEBV?$basic_string@DU?$char_traits@D@std@@V?$allocator@D@2@@std@@NNNHN0@Z)
simulator.obj : error LNK2019: unresolved external symbol "public: class webots::Node * __cdecl webots::Supervisor::getFromDef(class std::basic_string<char,struct std::char_traits<char>,class std::allocator<char> > const &)const " (?getFromDef@Supervisor@webots@@QEBAPEAVNode@2@AEBV?$basic_string@DU?$char_traits@D@std@@V?$allocator@D@2@@std@@@Z) referenced in function "public: int __cdecl simulator::simulatePath(class std::vector<class std::vector<float,class std::allocator<float> >,class std::allocator<class std::vector<float,class std::allocator<float> > > > const &)" (?simulatePath@simulator@@QEAAHAEBV?$vector@V?$vector@MV?$allocator@M@std@@@std@@V?$allocator@V?$vector@MV?$allocator@M@std@@@std@@@2@@std@@@Z)
simulator.obj : error LNK2001: unresolved external symbol "public: virtual void __cdecl webots::Supervisor::simulationRevert(void)" (?simulationRevert@Supervisor@webots@@UEAAXXZ)
simulator.obj : error LNK2001: unresolved external symbol "public: virtual void __cdecl webots::Supervisor::loadWorld(class std::basic_string<char,struct std::char_traits<char>,class std::allocator<char> > const &)" (?loadWorld@Supervisor@webots@@UEAAXAEBV?$basic_string@DU?$char_traits@D@std@@V?$allocator@D@2@@std@@@Z)
simulator.obj : error LNK2001: unresolved external symbol "public: virtual bool __cdecl webots::Supervisor::saveWorld(void)" (?saveWorld@Supervisor@webots@@UEAA_NXZ)
simulator.obj : error LNK2001: unresolved external symbol "public: virtual bool __cdecl webots::Supervisor::saveWorld(class std::basic_string<char,struct std::char_traits<char>,class std::allocator<char> > const &)" (?saveWorld@Supervisor@webots@@UEAA_NAEBV?$basic_string@DU?$char_traits@D@std@@V?$allocator@D@2@@std@@@Z)
simulator.obj : error LNK2001: unresolved external symbol "public: virtual void __cdecl webots::Supervisor::simulationPhysicsReset(void)" (?simulationPhysicsReset@Supervisor@webots@@UEAAXXZ)
simulator.obj : error LNK2001: unresolved external symbol "public: virtual void __cdecl webots::Supervisor::startMovie(class std::basic_string<char,struct std::char_traits<char>,class std::allocator<char> > const &,int,int,int,int,int,bool)" (?startMovie@Supervisor@webots@@UEAAXAEBV?$basic_string@DU?$char_traits@D@std@@V?$allocator@D@2@@std@@HHHHH_N@Z)
simulator.obj : error LNK2001: unresolved external symbol "public: virtual void __cdecl webots::Supervisor::stopMovie(void)" (?stopMovie@Supervisor@webots@@UEAAXXZ)
C:\Vijay\Revisiting_courses\AMP\motion_planning_homeworks\hw2\x64\Debug\hw2.exe : fatal error LNK1120: 53 unresolved externals
